<?xml version="1.0" encoding="UTF-8"?>
<testsuite name="test.AppTest" tests="1" skipped="0" failures="0" errors="0" timestamp="2024-12-06T13:58:55" hostname="Ryans-MacBook-Pro.local" time="0.0">
  <properties/>
  <testcase name="appHasAGreeting" classname="test.AppTest" time="0.0"/>
  <system-out><![CDATA[]]></system-out>
  <system-err><![CDATA[]]></system-err>
</testsuite>
